<?xml version="1.0" encoding="UTF-8"?>
<testng-results skipped="0" failed="0" ignored="0" total="1" passed="1">
  <reporter-output>
  </reporter-output>
  <suite name="Suite" duration-ms="6985" started-at="2018-02-03T10:39:09Z" finished-at="2018-02-03T10:39:16Z">
    <groups>
    </groups>
    <test name="Test" duration-ms="6985" started-at="2018-02-03T10:39:09Z" finished-at="2018-02-03T10:39:16Z">
      <class name="mavArtifact.DemoA">
        <test-method status="PASS" signature="testA()[pri:0, instance:mavArtifact.DemoA@59a6e353]" name="testA" duration-ms="6952" started-at="2018-02-03T16:09:09Z" finished-at="2018-02-03T16:09:16Z">
          <reporter-output>
          </reporter-output>
        </test-method> <!-- testA -->
      </class> <!-- mavArtifact.DemoA -->
    </test> <!-- Test -->
  </suite> <!-- Suite -->
</testng-results>
