<?xml version="1.0" encoding="UTF-8"?>
<testng-results skipped="0" failed="0" ignored="0" total="1" passed="1">
  <reporter-output>
  </reporter-output>
  <suite name="Default suite" duration-ms="23514" started-at="2018-02-03T10:27:24Z" finished-at="2018-02-03T10:27:48Z">
    <groups>
    </groups>
    <test name="Default test" duration-ms="23514" started-at="2018-02-03T10:27:24Z" finished-at="2018-02-03T10:27:48Z">
      <class name="mavArtifact.DemoA">
        <test-method status="PASS" signature="testA()[pri:0, instance:mavArtifact.DemoA@32d992b2]" name="testA" duration-ms="23476" started-at="2018-02-03T15:57:24Z" finished-at="2018-02-03T15:57:48Z">
          <reporter-output>
          </reporter-output>
        </test-method> <!-- testA -->
      </class> <!-- mavArtifact.DemoA -->
    </test> <!-- Default test -->
  </suite> <!-- Default suite -->
</testng-results>
